vzdata-testset/group_134.real.xml