vzdata-testset/group_173.real.xml